c:\code\driveryjx\yjxdriver\yjxdriver\x64\debug\vc141.pdb
c:\code\driveryjx\yjxdriver\yjxdriver\x64\debug\drivermain.obj
c:\code\driveryjx\yjxdriver\x64\debug\yjxdriver\yjxdriver.cat
c:\code\driveryjx\yjxdriver\x64\debug\yjxdriver.sys
c:\code\driveryjx\yjxdriver\x64\debug\yjxdriver.pdb
c:\code\driveryjx\yjxdriver\yjxdriver\x64\debug\yjxdriver.inf
c:\code\driveryjx\yjxdriver\yjxdriver\x64\debug\yjxdriver.tlog\cl.command.1.tlog
c:\code\driveryjx\yjxdriver\yjxdriver\x64\debug\yjxdriver.tlog\cl.read.1.tlog
c:\code\driveryjx\yjxdriver\yjxdriver\x64\debug\yjxdriver.tlog\cl.write.1.tlog
c:\code\driveryjx\yjxdriver\yjxdriver\x64\debug\yjxdriver.tlog\inf2cat-expand.23096.read.1.tlog
c:\code\driveryjx\yjxdriver\yjxdriver\x64\debug\yjxdriver.tlog\inf2cat-expand.23096.write.1.tlog
c:\code\driveryjx\yjxdriver\yjxdriver\x64\debug\yjxdriver.tlog\inf2cat-expand.read.1.tlog
c:\code\driveryjx\yjxdriver\yjxdriver\x64\debug\yjxdriver.tlog\inf2cat-expand.write.1.tlog
c:\code\driveryjx\yjxdriver\yjxdriver\x64\debug\yjxdriver.tlog\inf2cat.command.1.tlog
c:\code\driveryjx\yjxdriver\yjxdriver\x64\debug\yjxdriver.tlog\inf2cat.read.1.tlog
c:\code\driveryjx\yjxdriver\yjxdriver\x64\debug\yjxdriver.tlog\inf2cat.write.1.tlog
c:\code\driveryjx\yjxdriver\yjxdriver\x64\debug\yjxdriver.tlog\link.command.1.tlog
c:\code\driveryjx\yjxdriver\yjxdriver\x64\debug\yjxdriver.tlog\link.read.1.tlog
c:\code\driveryjx\yjxdriver\yjxdriver\x64\debug\yjxdriver.tlog\link.write.1.tlog
c:\code\driveryjx\yjxdriver\yjxdriver\x64\debug\yjxdriver.tlog\signtool.command.1.tlog
c:\code\driveryjx\yjxdriver\yjxdriver\x64\debug\yjxdriver.tlog\signtool.read.1.tlog
c:\code\driveryjx\yjxdriver\yjxdriver\x64\debug\yjxdriver.tlog\signtool.timestamp.1.tlog
c:\code\driveryjx\yjxdriver\yjxdriver\x64\debug\yjxdriver.tlog\signtool.write.1.tlog
c:\code\driveryjx\yjxdriver\yjxdriver\x64\debug\yjxdriver.tlog\stampinf.command.1.tlog
c:\code\driveryjx\yjxdriver\yjxdriver\x64\debug\yjxdriver.tlog\stampinf.read.1.tlog
c:\code\driveryjx\yjxdriver\yjxdriver\x64\debug\yjxdriver.tlog\stampinf.write.1.tlog
