生成启动时间为 2024/7/9 10:39:17。
     1>项目“c:\code\YJXDriver\YJXDriver\YJXDriver.vcxproj”在节点 2 上(Rebuild 个目标)。
     1>_PrepareForClean:
         正在删除文件“x64\Debug\YJXDriver.tlog\YJXDriver.lastbuildstate”。
       CleanOutput:
         正在删除文件“c:\code\YJXDriver\x64\Debug\YJXDriver\YJXDriver.inf”。
         正在删除文件“c:\code\YJXDriver\x64\Debug\YJXDriver\YJXDriver.sys”。
       DriverBuildNotifications:
         Building 'YJXDriver' with toolset 'WindowsKernelModeDriver10.0' and the 'Desktop' target platform.
         Using KMDF 1.15.
       InitializeBuildStatus:
         正在创建“x64\Debug\YJXDriver.tlog\unsuccessfulbuild”，因为已指定“AlwaysCreate”。
       StampInf:
         C:\Program Files (x86)\Windows Kits\10\bin\10.0.17134.0\x86\stampinf.exe -d "*" -a "amd64" -v "*" -k "1.15"  -x -f x64\Debug\YJXDriver.inf 
         Copying "c:\code\YJXDriver\YJXDriver\YJXDriver.inf" to "x64\Debug\YJXDriver.inf" for stamping
         Stamping x64\Debug\YJXDriver.inf
         Stamping [Version] section with DriverVer=07/09/2024,10.39.17.609
         正在将文件从“x64\Debug\YJXDriver.inf”复制到“c:\code\YJXDriver\x64\Debug\YJXDriver.inf”。
       ClCompile:
         C:\Program Files (x86)\Microsoft Visual Studio\2017\Professional\VC\Tools\MSVC\14.16.27023\bin\HostX86\x64\CL.exe /c /Ix64\Debug\ /Zi /JMC /nologo /W4 /WX- /diagnostics:classic /Od /Oi /Oy- /D _WIN64 /D _AMD64_ /D AMD64 /D DEPRECATE_DDK_FUNCTIONS=1 /D MSC_NOOPT /D _WIN32_WINNT=0x0A00 /D WINVER=0x0A00 /D WINNT=1 /D NTDDI_VERSION=0x0A000005 /D DBG=1 /GF /Gm- /Zp8 /GS /guard:cf /Gy /fp:precise /Zc:wchar_t- /Zc:forScope /Zc:inline /GR- /Fo"x64\Debug\\" /Fd"x64\Debug\vc141.pdb" /Gz /wd4748 /wd4603 /wd4627 /wd4986 /wd4987 /wd4996 /FI"C:\Program Files (x86)\Windows Kits\10\Include\10.0.17134.0\shared\warning.h" /FC /errorReport:prompt /kernel -cbstring -d2epilogunwind /d1import_no_registry /d2AllowCompatibleILVersions /d2Zi+ /Qspectre DriverMain.cpp
         DriverMain.cpp
     1>c:\code\yjxdriver\yjxdriver\drivermain.cpp(80): warning C4100: “pUnicode_Device_String”: 未引用的形参
     1>c:\code\yjxdriver\yjxdriver\drivermain.cpp(80): warning C4100: “DriverObject”: 未引用的形参
       Link:
         C:\Program Files (x86)\Microsoft Visual Studio\2017\Professional\VC\Tools\MSVC\14.16.27023\bin\HostX86\x64\link.exe /ERRORREPORT:PROMPT /OUT:"c:\code\YJXDriver\x64\Debug\YJXDriver.sys" /VERSION:"10.0" /INCREMENTAL:NO /NOLOGO /WX /SECTION:"INIT,d" "C:\Program Files (x86)\Windows Kits\10\lib\10.0.17134.0\km\x64\BufferOverflowFastFailK.lib" "C:\Program Files (x86)\Windows Kits\10\lib\10.0.17134.0\km\x64\ntoskrnl.lib" "C:\Program Files (x86)\Windows Kits\10\lib\10.0.17134.0\km\x64\hal.lib" "C:\Program Files (x86)\Windows Kits\10\lib\10.0.17134.0\km\x64\wmilib.lib" /NODEFAULTLIB /MANIFEST:NO /DEBUG:FASTLINK /PDB:"c:\code\YJXDriver\x64\Debug\YJXDriver.pdb" /SUBSYSTEM:NATIVE,"10.00" /Driver /OPT:REF /OPT:ICF /ENTRY:"GsDriverEntry" /RELEASE /IMPLIB:"c:\code\YJXDriver\x64\Debug\YJXDriver.lib" /MERGE:"_TEXT=.text;_PAGE=PAGE" /MACHINE:X64 /PROFILE /guard:cf /kernel /IGNORE:4198,4010,4037,4039,4065,4070,4078,4087,4089,4221,4108,4088,4218,4218,4235 /osversion:10.0 /pdbcompress /debugtype:pdata x64\Debug\DriverMain.obj
         YJXDriver.vcxproj -> c:\code\YJXDriver\x64\Debug\YJXDriver.sys
     1>项目“c:\code\YJXDriver\YJXDriver\YJXDriver.vcxproj”(1)正在节点 2 上生成“c:\code\YJXDriver\YJXDriver\YJXDriver.vcxproj”(1:2) (TestSign 个目标)。
     1>TestSign:
         The driver will be test-signed. Driver signing options can be changed from the project properties.
         Sign Inputs: c:\code\YJXDriver\x64\Debug\YJXDriver.sys
         C:\Program Files (x86)\Windows Kits\10\bin\10.0.17134.0\x86\signtool.exe sign /ph /sha1 "8449CAE06C4957A3B476C65AD6AB2F6CF529D12E" 
         Done Adding Additional Store
         Successfully signed: c:\code\YJXDriver\x64\Debug\YJXDriver.sys
         
         Certificate used for signing: issued to = WDKTestCert opq,133183134696972137 and thumbprint = 8449CAE06C4957A3B476C65AD6AB2F6CF529D12E
         Exported Certificate: c:\code\YJXDriver\x64\Debug\YJXDriver.cer
     1>已完成生成项目“c:\code\YJXDriver\YJXDriver\YJXDriver.vcxproj”(TestSign 个目标)的操作。
     1>DriverPackageTarget:
         Packaging up the following projects for the following configurations:
         
          Configuration='' Platform=''
         
         
         The following files will be packaged:
         
         File to package:      c:\code\YJXDriver\x64\Debug\YJXDriver.sys.
         Location in Package:  \YJXDriver.sys.
         Requested by project: 
         
         
         File to package:      x64\Debug\YJXDriver.inf.
         Location in Package:  \YJXDriver.inf.
         Requested by project: 
         
         
         正在将文件从“x64\Debug\YJXDriver.inf”复制到“c:\code\YJXDriver\x64\Debug\YJXDriver\\YJXDriver.inf”。
         正在将文件从“c:\code\YJXDriver\x64\Debug\YJXDriver.sys”复制到“c:\code\YJXDriver\x64\Debug\YJXDriver\\YJXDriver.sys”。
       Inf2Cat:
         C:\Program Files (x86)\Windows Kits\10\bin\10.0.17134.0\x86\inf2cat.exe /os:10_x64 /driver:c:\code\YJXDriver\x64\Debug\YJXDriver\ 
         ........................
         Signability test complete.
         
         Errors:
         None
         
         Warnings:
         None
         
         Catalog generation complete.
         c:\code\YJXDriver\x64\Debug\YJXDriver\yjxdriver.cat
     1>项目“c:\code\YJXDriver\YJXDriver\YJXDriver.vcxproj”(1)正在节点 2 上生成“c:\code\YJXDriver\YJXDriver\YJXDriver.vcxproj”(1:3) (TestSign 个目标)。
     1>TestSign:
         The driver package will be test-signed. Driver signing options can be changed from the project properties.
         Sign Inputs: c:\code\YJXDriver\x64\Debug\YJXDriver\yjxdriver.cat
         C:\Program Files (x86)\Windows Kits\10\bin\10.0.17134.0\x86\signtool.exe sign /ph /sha1 "8449CAE06C4957A3B476C65AD6AB2F6CF529D12E" 
         Done Adding Additional Store
         Successfully signed: c:\code\YJXDriver\x64\Debug\YJXDriver\yjxdriver.cat
         
         Certificate used for signing: issued to = WDKTestCert opq,133183134696972137 and thumbprint = 8449CAE06C4957A3B476C65AD6AB2F6CF529D12E
         Exported Certificate: c:\code\YJXDriver\x64\Debug\YJXDriver.cer
     1>已完成生成项目“c:\code\YJXDriver\YJXDriver\YJXDriver.vcxproj”(TestSign 个目标)的操作。
     1>FinalizeBuildStatus:
         正在删除文件“x64\Debug\YJXDriver.tlog\unsuccessfulbuild”。
         正在对“x64\Debug\YJXDriver.tlog\YJXDriver.lastbuildstate”执行 Touch 任务。
     1>已完成生成项目“c:\code\YJXDriver\YJXDriver\YJXDriver.vcxproj”(Rebuild 个目标)的操作。

已成功生成。

       “c:\code\YJXDriver\YJXDriver\YJXDriver.vcxproj”(Rebuild 目标) (1) ->
       (ClCompile 目标) -> 
         c:\code\yjxdriver\yjxdriver\drivermain.cpp(80): warning C4100: “pUnicode_Device_String”: 未引用的形参
         c:\code\yjxdriver\yjxdriver\drivermain.cpp(80): warning C4100: “DriverObject”: 未引用的形参

    2 个警告
    0 个错误

已用时间 00:00:01.62
